# JRE version: OpenJDK Runtime Environment (8.0_152-b01) (build 1.8.0_152-release-915-b01)
# Java VM: OpenJDK 64-Bit Server VM (25.152-b01 mixed mode windows-amd64 compressed oops)
Heap:
 PSYoungGen      total 103936K, used 36186K [0x00000000e0000000, 0x00000000e7780000, 0x0000000100000000)
  eden space 94208K, 28% used [0x00000000e0000000,0x00000000e19de9f0,0x00000000e5c00000)
  from space 9728K, 99% used [0x00000000e6e00000,0x00000000e77781a8,0x00000000e7780000)
  to   space 13312K, 48% used [0x00000000e5d80000,0x00000000e63c72e0,0x00000000e6a80000)
 ParOldGen       total 43008K, used 17634K [0x00000000a0000000, 0x00000000a2a00000, 0x00000000e0000000)
  object space 43008K, 41% used [0x00000000a0000000,0x00000000a1138818,0x00000000a2a00000)
 Metaspace       used 44205K, capacity 45238K, committed 45312K, reserved 1091584K
  class space    used 5986K, capacity 6331K, committed 6400K, reserved 1048576K
GC Heap History (10 events):
Event: 10.932 GC heap before
{Heap before GC invocations=8 (full 1):
 PSYoungGen      total 72192K, used 64512K [0x00000000e0000000, 0x00000000e5100000, 0x0000000100000000)
  eden space 64512K, 100% used [0x00000000e0000000,0x00000000e3f00000,0x00000000e3f00000)
  from space 7680K, 0% used [0x00000000e4780000,0x00000000e4780000,0x00000000e4f00000)
  to   space 8704K, 0% used [0x00000000e3f00000,0x00000000e3f00000,0x00000000e4780000)
 ParOldGen       total 35840K, used 8776K [0x00000000a0000000, 0x00000000a2300000, 0x00000000e0000000)
  object space 35840K, 24% used [0x00000000a0000000,0x00000000a0892198,0x00000000a2300000)
 Metaspace       used 25990K, capacity 26510K, committed 26880K, reserved 1073152K
  class space    used 3536K, capacity 3718K, committed 3840K, reserved 1048576K
Event: 10.944 GC heap after
Heap after GC invocations=8 (full 1):
 PSYoungGen      total 73216K, used 6533K [0x00000000e0000000, 0x00000000e7900000, 0x0000000100000000)
  eden space 64512K, 0% used [0x00000000e0000000,0x00000000e0000000,0x00000000e3f00000)
  from space 8704K, 75% used [0x00000000e3f00000,0x00000000e45617e8,0x00000000e4780000)
  to   space 9216K, 0% used [0x00000000e7000000,0x00000000e7000000,0x00000000e7900000)
 ParOldGen       total 35840K, used 8784K [0x00000000a0000000, 0x00000000a2300000, 0x00000000e0000000)
  object space 35840K, 24% used [0x00000000a0000000,0x00000000a0894198,0x00000000a2300000)
 Metaspace       used 25990K, capacity 26510K, committed 26880K, reserved 1073152K
  class space    used 3536K, capacity 3718K, committed 3840K, reserved 1048576K
}
Event: 19.794 GC heap before
{Heap before GC invocations=9 (full 1):
 PSYoungGen      total 73216K, used 71045K [0x00000000e0000000, 0x00000000e7900000, 0x0000000100000000)
  eden space 64512K, 100% used [0x00000000e0000000,0x00000000e3f00000,0x00000000e3f00000)
  from space 8704K, 75% used [0x00000000e3f00000,0x00000000e45617e8,0x00000000e4780000)
  to   space 9216K, 0% used [0x00000000e7000000,0x00000000e7000000,0x00000000e7900000)
 ParOldGen       total 35840K, used 8784K [0x00000000a0000000, 0x00000000a2300000, 0x00000000e0000000)
  object space 35840K, 24% used [0x00000000a0000000,0x00000000a0894198,0x00000000a2300000)
 Metaspace       used 31122K, capacity 31798K, committed 32000K, reserved 1077248K
  class space    used 4300K, capacity 4584K, committed 4608K, reserved 1048576K
Event: 19.802 GC heap after
Heap after GC invocations=9 (full 1):
 PSYoungGen      total 111104K, used 9195K [0x00000000e0000000, 0x00000000e7900000, 0x0000000100000000)
  eden space 101888K, 0% used [0x00000000e0000000,0x00000000e0000000,0x00000000e6380000)
  from space 9216K, 99% used [0x00000000e7000000,0x00000000e78fad20,0x00000000e7900000)
  to   space 10752K, 0% used [0x00000000e6400000,0x00000000e6400000,0x00000000e6e80000)
 ParOldGen       total 35840K, used 9224K [0x00000000a0000000, 0x00000000a2300000, 0x00000000e0000000)
  object space 35840K, 25% used [0x00000000a0000000,0x00000000a0902028,0x00000000a2300000)
 Metaspace       used 31122K, capacity 31798K, committed 32000K, reserved 1077248K
  class space    used 4300K, capacity 4584K, committed 4608K, reserved 1048576K
}
Event: 26.871 GC heap before
{Heap before GC invocations=10 (full 1):
 PSYoungGen      total 111104K, used 75999K [0x00000000e0000000, 0x00000000e7900000, 0x0000000100000000)
  eden space 101888K, 65% used [0x00000000e0000000,0x00000000e413d198,0x00000000e6380000)
  from space 9216K, 99% used [0x00000000e7000000,0x00000000e78fad20,0x00000000e7900000)
  to   space 10752K, 0% used [0x00000000e6400000,0x00000000e6400000,0x00000000e6e80000)
 ParOldGen       total 35840K, used 9224K [0x00000000a0000000, 0x00000000a2300000, 0x00000000e0000000)
  object space 35840K, 25% used [0x00000000a0000000,0x00000000a0902028,0x00000000a2300000)
 Metaspace       used 34561K, capacity 35284K, committed 35416K, reserved 1079296K
  class space    used 4713K, capacity 5006K, committed 5120K, reserved 1048576K
Event: 26.879 GC heap after
Heap after GC invocations=10 (full 1):
 PSYoungGen      total 108032K, used 10128K [0x00000000e0000000, 0x00000000e7780000, 0x0000000100000000)
  eden space 97792K, 0% used [0x00000000e0000000,0x00000000e0000000,0x00000000e5f80000)
  from space 10240K, 98% used [0x00000000e6400000,0x00000000e6de42d8,0x00000000e6e00000)
  to   space 9728K, 0% used [0x00000000e6e00000,0x00000000e6e00000,0x00000000e7780000)
 ParOldGen       total 35840K, used 9296K [0x00000000a0000000, 0x00000000a2300000, 0x00000000e0000000)
  object space 35840K, 25% used [0x00000000a0000000,0x00000000a0914038,0x00000000a2300000)
 Metaspace       used 34561K, capacity 35284K, committed 35416K, reserved 1079296K
  class space    used 4713K, capacity 5006K, committed 5120K, reserved 1048576K
}
Event: 26.879 GC heap before
{Heap before GC invocations=11 (full 2):
 PSYoungGen      total 108032K, used 10128K [0x00000000e0000000, 0x00000000e7780000, 0x0000000100000000)
  eden space 97792K, 0% used [0x00000000e0000000,0x00000000e0000000,0x00000000e5f80000)
  from space 10240K, 98% used [0x00000000e6400000,0x00000000e6de42d8,0x00000000e6e00000)
  to   space 9728K, 0% used [0x00000000e6e00000,0x00000000e6e00000,0x00000000e7780000)
 ParOldGen       total 35840K, used 9296K [0x00000000a0000000, 0x00000000a2300000, 0x00000000e0000000)
  object space 35840K, 25% used [0x00000000a0000000,0x00000000a0914038,0x00000000a2300000)
 Metaspace       used 34561K, capacity 35284K, committed 35416K, reserved 1079296K
  class space    used 4713K, capacity 5006K, committed 5120K, reserved 1048576K
Event: 26.918 GC heap after
Heap after GC invocations=11 (full 2):
 PSYoungGen      total 108032K, used 0K [0x00000000e0000000, 0x00000000e7780000, 0x0000000100000000)
  eden space 97792K, 0% used [0x00000000e0000000,0x00000000e0000000,0x00000000e5f80000)
  from space 10240K, 0% used [0x00000000e6400000,0x00000000e6400000,0x00000000e6e00000)
  to   space 9728K, 0% used [0x00000000e6e00000,0x00000000e6e00000,0x00000000e7780000)
 ParOldGen       total 43008K, used 16430K [0x00000000a0000000, 0x00000000a2a00000, 0x00000000e0000000)
  object space 43008K, 38% used [0x00000000a0000000,0x00000000a100ba18,0x00000000a2a00000)
 Metaspace       used 34561K, capacity 35284K, committed 35416K, reserved 1079296K
  class space    used 4713K, capacity 5006K, committed 5120K, reserved 1048576K
}
Event: 28.306 GC heap before
{Heap before GC invocations=12 (full 2):
 PSYoungGen      total 108032K, used 97792K [0x00000000e0000000, 0x00000000e7780000, 0x0000000100000000)
  eden space 97792K, 100% used [0x00000000e0000000,0x00000000e5f80000,0x00000000e5f80000)
  from space 10240K, 0% used [0x00000000e6400000,0x00000000e6400000,0x00000000e6e00000)
  to   space 9728K, 0% used [0x00000000e6e00000,0x00000000e6e00000,0x00000000e7780000)
 ParOldGen       total 43008K, used 16430K [0x00000000a0000000, 0x00000000a2a00000, 0x00000000e0000000)
  object space 43008K, 38% used [0x00000000a0000000,0x00000000a100ba18,0x00000000a2a00000)
 Metaspace       used 41671K, capacity 42592K, committed 42880K, reserved 1085440K
  class space    used 5575K, capacity 5915K, committed 6016K, reserved 1048576K
Event: 28.313 GC heap after
Heap after GC invocations=12 (full 2):
 PSYoungGen      total 103936K, used 9696K [0x00000000e0000000, 0x00000000e7780000, 0x0000000100000000)
  eden space 94208K, 0% used [0x00000000e0000000,0x00000000e0000000,0x00000000e5c00000)
  from space 9728K, 99% used [0x00000000e6e00000,0x00000000e77781a8,0x00000000e7780000)
  to   space 13312K, 0% used [0x00000000e5d80000,0x00000000e5d80000,0x00000000e6a80000)
 ParOldGen       total 43008K, used 17634K [0x00000000a0000000, 0x00000000a2a00000, 0x00000000e0000000)
  object space 43008K, 41% used [0x00000000a0000000,0x00000000a1138818,0x00000000a2a00000)
 Metaspace       used 41671K, capacity 42592K, committed 42880K, reserved 1085440K
  class space    used 5575K, capacity 5915K, committed 6016K, reserved 1048576K
}

